<?xml version="1.0" encoding="UTF-8"?>
<beans xmlns="http://www.springframework.org/schema/beans"
       xmlns:xsi="http://www.w3.org/2001/XMLSchema-instance"
       xmlns:int="http://www.springframework.org/schema/integration"
       xsi:schemaLocation="http://www.springframework.org/schema/beans
		http://www.springframework.org/schema/beans/spring-beans-3.0.xsd


		http://www.springframework.org/schema/integration
		http://www.springframework.org/schema/integration/spring-integration.xsd">

    <import resource="classpath:test/spring/app-config.xml"/>

    <!-- In Channels -->
    <int:bridge input-channel="fromAffinaToEspJMSChannel" output-channel="outputChannel"/>

    <int:bridge input-channel="fromSemToEspJMSChannel" output-channel="outputChannel"/>


    <!-- Out Channels -->
    <int:bridge input-channel="fromEspToAffinaJMSChannel" output-channel="outputChannel"/>

    <int:bridge input-channel="fromEspToSemJMSChannel" output-channel="outputChannel"/>

    <int:channel id="outputChannel">
        <int:queue/>
    </int:channel>

    <int:channel id="errorChannel">
        <int:queue/>
    </int:channel>

</beans>